<?xml version="1.0" encoding="UTF-8"?>
<!-- Generated by org.testng.reporters.JUnitReportReporter -->
<testsuite hostname="USBGOSHUBHSIN1" failures="0" tests="1" name="com.Demo.SearchTest" time="5.749" errors="0" timestamp="2022-11-30T18:09:56 IST" skipped="0">
  <testcase classname="com.Demo.SearchTest" name="testNoParameter" time="5.749"/>
  <system-out/>
</testsuite> <!-- com.Demo.SearchTest -->
